<?xml version="1.0" encoding="utf-8"?><testsuites name="pytest tests"><testsuite name="pytest" errors="0" failures="1" skipped="0" tests="34" time="5.866" timestamp="2026-09-08T07:17:24.313823+00:00" hostname="agent-env-0f55663b-d0b7-418a-861b-01226734e079"><testcase classname="tests.backend_test.TestAuth" name="test_login_admin_username" time="0.437" /><testcase classname="tests.backend_test.TestAuth" name="test_login_admin_email" time="0.446" /><testcase classname="tests.backend_test.TestTickets" name="test_list_tickets_admin" time="0.890" /><testcase classname="tests.backend_test.TestAuth" name="test_login_tech" time="0.615" /><testcase classname="tests.backend_test.TestTickets" name="test_list_tickets_customer_scoped" time="0.608" /><testcase classname="tests.backend_test.TestTickets" name="test_filter_status_priority" time="0.085" /><testcase classname="tests.backend_test.TestAuth" name="test_login_customer" time="0.443" /><testcase classname="tests.backend_test.TestTickets" name="test_search_tickets" time="0.084" /><testcase classname="tests.backend_test.TestTickets" name="test_create_ticket_and_assign_flow" time="1.165" /><testcase classname="tests.backend_test.TestAuth" name="test_login_invalid" time="0.428" /><testcase classname="tests.backend_test.TestAuth" name="test_me" time="0.460" /><testcase classname="tests.backend_test.TestAuth" name="test_me_no_cookie" time="0.161" /><testcase classname="tests.backend_test.TestSettings" name="test_get_sla" time="0.239" /><testcase classname="tests.backend_test.TestSettings" name="test_put_sla" time="0.361" /><testcase classname="tests.backend_test.TestTickets" name="test_technician_status_and_resolve" time="1.156" /><testcase classname="tests.backend_test.TestSettings" name="test_kpi_weights_validation" time="0.160" /><testcase classname="tests.backend_test.TestSettings" name="test_kpi_save" time="0.202" /><testcase classname="tests.backend_test.TestSettings" name="test_integrations_empty_save" time="0.200" /><testcase classname="tests.backend_test.TestTickets" name="test_customer_rating_flow" time="0.640" /><testcase classname="tests.backend_test.TestReports" name="test_kpi_csv" time="0.085" /><testcase classname="tests.backend_test.TestReports" name="test_kpi_pdf" time="0.085" /><testcase classname="tests.backend_test.TestReports" name="test_tickets_csv" time="0.084" /><testcase classname="tests.backend_test.TestReports" name="test_tickets_pdf" time="0.149" /><testcase classname="tests.backend_test.TestDashboardKPI" name="test_dashboard_summary" time="0.122" /><testcase classname="tests.backend_test.TestTickets" name="test_customer_cannot_change_status" time="0.208" /><testcase classname="tests.backend_test.TestDashboardKPI" name="test_kpi_scores" time="0.084" /><testcase classname="tests.backend_test.TestUsers" name="test_list_users_admin" time="0.090" /><testcase classname="tests.backend_test.TestUsers" name="test_list_users_customer_forbidden" time="0.227" /><testcase classname="tests.backend_test.TestUsers" name="test_create_user" time="0.125"><failure message="AssertionError: {&quot;detail&quot;:[{&quot;type&quot;:&quot;value_error&quot;,&quot;loc&quot;:[&quot;body&quot;,&quot;email&quot;],&quot;msg&quot;:&quot;value is not a valid email address: The part after the @-sign is a special-use or reserved name that cannot be used with email.&quot;,&quot;input&quot;:&quot;test_c4bfe72e@itsm.local&quot;,&quot;ctx&quot;:{&quot;reason&quot;:&quot;The part after the @-sign is a special-use or reserved name that cannot be used with email.&quot;}}]}&#10;assert 422 == 200&#10; +  where 422 = &lt;Response [422]&gt;.status_code">backend/tests/backend_test.py:108: in test_create_user
    assert r.status_code == 200, r.text
E   AssertionError: {"detail":[{"type":"value_error","loc":["body","email"],"msg":"value is not a valid email address: The part after the @-sign is a special-use or reserved name that cannot be used with email.","input":"test_c4bfe72e@itsm.local","ctx":{"reason":"The part after the @-sign is a special-use or reserved name that cannot be used with email."}}]}
E   assert 422 == 200
E    +  where 422 = &lt;Response [422]&gt;.status_code</failure></testcase><testcase classname="tests.backend_test.TestDashboardKPI" name="test_kpi_customer_forbidden" time="0.506" /><testcase classname="tests.backend_test.TestCategories" name="test_list_categories" time="0.080" /><testcase classname="tests.backend_test.TestAudit" name="test_audit_admin" time="0.083" /><testcase classname="tests.backend_test.TestCategories" name="test_create_category" time="0.088" /><testcase classname="tests.backend_test.TestAudit" name="test_audit_customer_forbidden" time="0.121" /></testsuite></testsuites>